<!DOCTYPE html PUBLIC "-//W3C//DTD XHTML 1.1//EN" "http://www.w3.org/TR/xhtml11/DTD/xhtml11.dtd">
<html xmlns="http://www.w3.org/1999/xhtml">
<head>
<meta http-equiv="content-type" content="text/html; charset=UTF-8"/>
<title>TestNG Report</title>
<style type="text/css">table {margin-bottom:10px;border-collapse:collapse;empty-cells:show}th,td {border:1px solid #009;padding:.25em .5em}th {vertical-align:bottom}td {vertical-align:top}table a {font-weight:bold}.stripe td {background-color: #E6EBF9}.num {text-align:right}.passedodd td {background-color: #3F3}.passedeven td {background-color: #0A0}.skippedodd td {background-color: #DDD}.skippedeven td {background-color: #CCC}.failedodd td,.attn {background-color: #F33}.failedeven td,.stripe .attn {background-color: #D00}.stacktrace {white-space:pre;font-family:monospace}.totop {font-size:85%;text-align:center;border-bottom:2px solid #000}.invisible {display:none}</style>
</head>
<body>
<table>
<tr><th>Test</th><th># Passed</th><th># Skipped</th><th># Failed</th><th>Time (ms)</th><th>Included Groups</th><th>Excluded Groups</th></tr>
<tr><th colspan="7">Default Suite</th></tr>
<tr><td><a href="#t0">AppiumProject</a></td><td class="num">2</td><td class="num">0</td><td class="num attn">2</td><td class="num">170,410</td><td></td><td></td></tr>
</table>
<table id='summary'><thead><tr><th>Class</th><th>Method</th><th>Start</th><th>Time (ms)</th></tr></thead><tbody><tr><th colspan="4">Default Suite</th></tr></tbody><tbody id="t0"><tr><th colspan="4">AppiumProject &#8212; failed</th></tr><tr class="failedeven"><td rowspan="2">com.appium.testng.RyhApp</td><td><a href="#m0">test003_withdrawApply</a></td><td rowspan="1">1605062323179</td><td rowspan="1">55608</td></tr><tr class="failedeven"><td><a href="#m1">test004_goRepay</a></td><td rowspan="1">1605062378797</td><td rowspan="1">52</td></tr><tr><th colspan="4">AppiumProject &#8212; passed</th></tr><tr class="passedeven"><td rowspan="2">com.appium.testng.RyhApp</td><td><a href="#m2">test001_login</a></td><td rowspan="1">1605062234729</td><td rowspan="1">18686</td></tr><tr class="passedeven"><td><a href="#m3">test002_idoAuthAndRisk</a></td><td rowspan="1">1605062253416</td><td rowspan="1">69762</td></tr></tbody>
</table>
<h2>AppiumProject</h2><h3 id="m0">com.appium.testng.RyhApp#test003_withdrawApply</h3><table class="result"><tr><th>Exception</th></tr><tr><td><div class="stacktrace">java.lang.AssertionError: 提现失败！
	at com.appium.testng.RyhApp.test003_withdrawApply(RyhApp.java:81)
	at com.intellij.rt.testng.IDEARemoteTestNG.run(IDEARemoteTestNG.java:66)
	at com.intellij.rt.testng.RemoteTestNGStarter.main(RemoteTestNGStarter.java:110)
... Removed 23 stack frames</div></td></tr></table><p class="totop"><a href="#summary">back to summary</a></p>
<h3 id="m1">com.appium.testng.RyhApp#test004_goRepay</h3><table class="result"><tr><th>Exception</th></tr><tr><td><div class="stacktrace">org.openqa.selenium.NoSuchElementException: no such element: Unable to locate element: {&quot;method&quot;:&quot;id&quot;,&quot;selector&quot;:&quot;com.renmai.easymoney:id/mBtNext&quot;}
  (Session info: chrome=52.0.2743.100)
  (Driver info: chromedriver=2.24.417412 (ac882d3ce7c0d99292439bf3405780058fcca0a6),platform=Mac OS X 10.15.6 x86_64)
For documentation on this error, please visit: https://www.seleniumhq.org/exceptions/no_such_element.html
Build info: version: &apos;3.141.59&apos;, revision: &apos;e82be7d358&apos;, time: &apos;2018-11-14T08:17:03&apos;
System info: host: &apos;FinupdeMacBook-Pro.local&apos;, ip: &apos;fe80:0:0:0:432:da3f:52fa:37%en0&apos;, os.name: &apos;Mac OS X&apos;, os.arch: &apos;x86_64&apos;, os.version: &apos;10.15.6&apos;, java.version: &apos;1.8.0_221&apos;
Driver info: io.appium.java_client.android.AndroidDriver
Capabilities {appActivity: com.renmai.easymoney.MainAc..., appPackage: com.renmai.easymoney, autoGrantPermissions: true, automationName: UIAutomator2, chromedriverChromeMappingFile: /usr/local/lib/node_modules..., chromedriverExecutableDir: /usr/local/lib/node_modules..., databaseEnabled: false, desired: {appActivity: com.renmai.easymoney.MainAc..., appPackage: com.renmai.easymoney, autoGrantPermissions: true, automationName: UIAutomator2, chromedriverChromeMappingFile: /usr/local/lib/node_modules..., chromedriverExecutableDir: /usr/local/lib/node_modules..., deviceName: 任意安卓设备, nativeWebScreenshot: true, newCommandTimeout: 600, noReset: false, noSign: true, platformName: android, recreateChromeDriverSessions: true, resetKeyboard: true, udid: emulator-5554, unicodeKeyboard: true}, deviceApiLevel: 23, deviceManufacturer: HUAWEI, deviceModel: Mate 10 Pro, deviceName: emulator-5554, deviceScreenDensity: 416, deviceScreenSize: 1170x1872, deviceUDID: emulator-5554, javascriptEnabled: true, locationContextEnabled: false, nativeWebScreenshot: true, networkConnectionEnabled: true, newCommandTimeout: 600, noReset: false, noSign: true, pixelRatio: 2.6000001, platform: LINUX, platformName: Android, platformVersion: 6.0.1, recreateChromeDriverSessions: true, resetKeyboard: true, statBarHeight: 62, takesScreenshot: true, udid: emulator-5554, unicodeKeyboard: true, viewportRect: {height: 1810, left: 0, top: 62, width: 1170}, warnings: {}, webStorageEnabled: false}
Session ID: 2d0b3220-0032-40e1-b9ce-975c3720217b
*** Element info: {Using=id, value=com.renmai.easymoney:id/mBtNext}
	at org.openqa.selenium.remote.http.W3CHttpResponseCodec.createException(W3CHttpResponseCodec.java:187)
	at org.openqa.selenium.remote.http.W3CHttpResponseCodec.decode(W3CHttpResponseCodec.java:122)
	at org.openqa.selenium.remote.http.W3CHttpResponseCodec.decode(W3CHttpResponseCodec.java:49)
	at org.openqa.selenium.remote.HttpCommandExecutor.execute(HttpCommandExecutor.java:158)
	at io.appium.java_client.remote.AppiumCommandExecutor.execute(AppiumCommandExecutor.java:239)
	at org.openqa.selenium.remote.RemoteWebDriver.execute(RemoteWebDriver.java:552)
	at io.appium.java_client.DefaultGenericMobileDriver.execute(DefaultGenericMobileDriver.java:42)
	at io.appium.java_client.AppiumDriver.execute(AppiumDriver.java:1)
	at io.appium.java_client.android.AndroidDriver.execute(AndroidDriver.java:1)
	at org.openqa.selenium.remote.RemoteWebDriver.findElement(RemoteWebDriver.java:323)
	at io.appium.java_client.DefaultGenericMobileDriver.findElement(DefaultGenericMobileDriver.java:62)
	at io.appium.java_client.AppiumDriver.findElement(AppiumDriver.java:1)
	at io.appium.java_client.android.AndroidDriver.findElement(AndroidDriver.java:1)
	at org.openqa.selenium.remote.RemoteWebDriver.findElementById(RemoteWebDriver.java:372)
	at io.appium.java_client.DefaultGenericMobileDriver.findElementById(DefaultGenericMobileDriver.java:70)
	at io.appium.java_client.AppiumDriver.findElementById(AppiumDriver.java:1)
	at io.appium.java_client.android.AndroidDriver.findElementById(AndroidDriver.java:1)
	at com.appium.utils.GetByLocation.getElementObj(GetByLocation.java:110)
	at com.appium.utils.GetByLocation.getElementObj(GetByLocation.java:65)
	at com.appium.testcase.DemoCase.goRepay(DemoCase.java:499)
	at com.appium.testng.RyhApp.test004_goRepay(RyhApp.java:88)
	at com.intellij.rt.testng.IDEARemoteTestNG.run(IDEARemoteTestNG.java:66)
	at com.intellij.rt.testng.RemoteTestNGStarter.main(RemoteTestNGStarter.java:110)
... Removed 26 stack frames</div></td></tr></table><p class="totop"><a href="#summary">back to summary</a></p>
<h3 id="m2">com.appium.testng.RyhApp#test001_login</h3><table class="result"><tr><th class="invisible"/></tr></table><p class="totop"><a href="#summary">back to summary</a></p>
<h3 id="m3">com.appium.testng.RyhApp#test002_idoAuthAndRisk</h3><table class="result"><tr><th class="invisible"/></tr></table><p class="totop"><a href="#summary">back to summary</a></p>
</body>
</html>
