<html>
<head>
<title>TestNG:  AppiumProject</title>
<link href="../testng.css" rel="stylesheet" type="text/css" />
<link href="../my-testng.css" rel="stylesheet" type="text/css" />

<style type="text/css">
.log { display: none;} 
.stack-trace { display: none;} 
</style>
<script type="text/javascript">
<!--
function flip(e) {
  current = e.style.display;
  if (current == 'block') {
    e.style.display = 'none';
    return 0;
  }
  else {
    e.style.display = 'block';
    return 1;
  }
}

function toggleBox(szDivId, elem, msg1, msg2)
{
  var res = -1;  if (document.getElementById) {
    res = flip(document.getElementById(szDivId));
  }
  else if (document.all) {
    // this is the way old msie versions work
    res = flip(document.all[szDivId]);
  }
  if(elem) {
    if(res == 0) elem.innerHTML = msg1; else elem.innerHTML = msg2;
  }

}

function toggleAllBoxes() {
  if (document.getElementsByTagName) {
    d = document.getElementsByTagName('div');
    for (i = 0; i < d.length; i++) {
      if (d[i].className == 'log') {
        flip(d[i]);
      }
    }
  }
}

// -->
</script>

</head>
<body>
<h2 align='center'>AppiumProject</h2><table border='1' align="center">
<tr>
<td>Tests passed/Failed/Skipped:</td><td>2/2/0</td>
</tr><tr>
<td>Started on:</td><td>Wed Nov 11 10:36:49 CST 2020</td>
</tr>
<tr><td>Total time:</td><td>170 seconds (170410 ms)</td>
</tr><tr>
<td>Included groups:</td><td></td>
</tr><tr>
<td>Excluded groups:</td><td></td>
</tr>
</table><p/>
<small><i>(Hover the method name to see the test class name)</i></small><p/>
<table width='100%' border='1' class='invocation-failed'>
<tr><td colspan='4' align='center'><b>FAILED TESTS</b></td></tr>
<tr><td><b>Test method</b></td>
<td width="30%"><b>Exception</b></td>
<td width="10%"><b>Time (seconds)</b></td>
<td><b>Instance</b></td>
</tr>
<tr>
<td title='com.appium.testng.RyhApp.test003_withdrawApply()'><b>test003_withdrawApply</b><br>Test class: com.appium.testng.RyhApp</td>
<td><div><pre>java.lang.AssertionError: 提现失败！
	at com.appium.testng.RyhApp.test003_withdrawApply(RyhApp.java:81)
	at com.intellij.rt.testng.IDEARemoteTestNG.run(IDEARemoteTestNG.java:66)
	at com.intellij.rt.testng.RemoteTestNGStarter.main(RemoteTestNGStarter.java:110)
... Removed 23 stack frames</pre></div><a href='#' onClick='toggleBox("stack-trace1261044180", this, "Click to show all stack frames", "Click to hide stack frames")'>Click to show all stack frames</a>
<div class='stack-trace' id='stack-trace1261044180'><pre>java.lang.AssertionError: 提现失败！
	at org.testng.Assert.fail(Assert.java:96)
	at com.appium.testng.RyhApp.test003_withdrawApply(RyhApp.java:81)
	at sun.reflect.NativeMethodAccessorImpl.invoke0(Native Method)
	at sun.reflect.NativeMethodAccessorImpl.invoke(NativeMethodAccessorImpl.java:62)
	at sun.reflect.DelegatingMethodAccessorImpl.invoke(DelegatingMethodAccessorImpl.java:43)
	at java.lang.reflect.Method.invoke(Method.java:498)
	at org.testng.internal.MethodInvocationHelper.invokeMethod(MethodInvocationHelper.java:124)
	at org.testng.internal.Invoker.invokeMethod(Invoker.java:583)
	at org.testng.internal.Invoker.invokeTestMethod(Invoker.java:719)
	at org.testng.internal.Invoker.invokeTestMethods(Invoker.java:989)
	at org.testng.internal.TestMethodWorker.invokeTestMethods(TestMethodWorker.java:125)
	at org.testng.internal.TestMethodWorker.run(TestMethodWorker.java:109)
	at org.testng.TestRunner.privateRun(TestRunner.java:648)
	at org.testng.TestRunner.run(TestRunner.java:505)
	at org.testng.SuiteRunner.runTest(SuiteRunner.java:455)
	at org.testng.SuiteRunner.runSequentially(SuiteRunner.java:450)
	at org.testng.SuiteRunner.privateRun(SuiteRunner.java:415)
	at org.testng.SuiteRunner.run(SuiteRunner.java:364)
	at org.testng.SuiteRunnerWorker.runSuite(SuiteRunnerWorker.java:52)
	at org.testng.SuiteRunnerWorker.run(SuiteRunnerWorker.java:84)
	at org.testng.TestNG.runSuitesSequentially(TestNG.java:1208)
	at org.testng.TestNG.runSuitesLocally(TestNG.java:1137)
	at org.testng.TestNG.runSuites(TestNG.java:1049)
	at org.testng.TestNG.run(TestNG.java:1017)
	at com.intellij.rt.testng.IDEARemoteTestNG.run(IDEARemoteTestNG.java:66)
	at com.intellij.rt.testng.RemoteTestNGStarter.main(RemoteTestNGStarter.java:110)
</pre></div></td>
<td>55</td>
<td>com.appium.testng.RyhApp@3cda1055</td></tr>
<tr>
<td title='com.appium.testng.RyhApp.test004_goRepay()'><b>test004_goRepay</b><br>Test class: com.appium.testng.RyhApp</td>
<td><div><pre>org.openqa.selenium.NoSuchElementException: no such element: Unable to locate element: {&quot;method&quot;:&quot;id&quot;,&quot;selector&quot;:&quot;com.renmai.easymoney:id/mBtNext&quot;}
  (Session info: chrome=52.0.2743.100)
  (Driver info: chromedriver=2.24.417412 (ac882d3ce7c0d99292439bf3405780058fcca0a6),platform=Mac OS X 10.15.6 x86_64)
For documentation on this error, please visit: https://www.seleniumhq.org/exceptions/no_such_element.html
Build info: version: &apos;3.141.59&apos;, revision: &apos;e82be7d358&apos;, time: &apos;2018-11-14T08:17:03&apos;
System info: host: &apos;FinupdeMacBook-Pro.local&apos;, ip: &apos;fe80:0:0:0:432:da3f:52fa:37%en0&apos;, os.name: &apos;Mac OS X&apos;, os.arch: &apos;x86_64&apos;, os.version: &apos;10.15.6&apos;, java.version: &apos;1.8.0_221&apos;
Driver info: io.appium.java_client.android.AndroidDriver
Capabilities {appActivity: com.renmai.easymoney.MainAc..., appPackage: com.renmai.easymoney, autoGrantPermissions: true, automationName: UIAutomator2, chromedriverChromeMappingFile: /usr/local/lib/node_modules..., chromedriverExecutableDir: /usr/local/lib/node_modules..., databaseEnabled: false, desired: {appActivity: com.renmai.easymoney.MainAc..., appPackage: com.renmai.easymoney, autoGrantPermissions: true, automationName: UIAutomator2, chromedriverChromeMappingFile: /usr/local/lib/node_modules..., chromedriverExecutableDir: /usr/local/lib/node_modules..., deviceName: 任意安卓设备, nativeWebScreenshot: true, newCommandTimeout: 600, noReset: false, noSign: true, platformName: android, recreateChromeDriverSessions: true, resetKeyboard: true, udid: emulator-5554, unicodeKeyboard: true}, deviceApiLevel: 23, deviceManufacturer: HUAWEI, deviceModel: Mate 10 Pro, deviceName: emulator-5554, deviceScreenDensity: 416, deviceScreenSize: 1170x1872, deviceUDID: emulator-5554, javascriptEnabled: true, locationContextEnabled: false, nativeWebScreenshot: true, networkConnectionEnabled: true, newCommandTimeout: 600, noReset: false, noSign: true, pixelRatio: 2.6000001, platform: LINUX, platformName: Android, platformVersion: 6.0.1, recreateChromeDriverSessions: true, resetKeyboard: true, statBarHeight: 62, takesScreenshot: true, udid: emulator-5554, unicodeKeyboard: true, viewportRect: {height: 1810, left: 0, top: 62, width: 1170}, warnings: {}, webStorageEnabled: false}
Session ID: 2d0b3220-0032-40e1-b9ce-975c3720217b
*** Element info: {Using=id, value=com.renmai.easymoney:id/mBtNext}
	at org.openqa.selenium.remote.http.W3CHttpResponseCodec.createException(W3CHttpResponseCodec.java:187)
	at org.openqa.selenium.remote.http.W3CHttpResponseCodec.decode(W3CHttpResponseCodec.java:122)
	at org.openqa.selenium.remote.http.W3CHttpResponseCodec.decode(W3CHttpResponseCodec.java:49)
	at org.openqa.selenium.remote.HttpCommandExecutor.execute(HttpCommandExecutor.java:158)
	at io.appium.java_client.remote.AppiumCommandExecutor.execute(AppiumCommandExecutor.java:239)
	at org.openqa.selenium.remote.RemoteWebDriver.execute(RemoteWebDriver.java:552)
	at io.appium.java_client.DefaultGenericMobileDriver.execute(DefaultGenericMobileDriver.java:42)
	at io.appium.java_client.AppiumDriver.execute(AppiumDriver.java:1)
	at io.appium.java_client.android.AndroidDriver.execute(AndroidDriver.java:1)
	at org.openqa.selenium.remote.RemoteWebDriver.findElement(RemoteWebDriver.java:323)
	at io.appium.java_client.DefaultGenericMobileDriver.findElement(DefaultGenericMobileDriver.java:62)
	at io.appium.java_client.AppiumDriver.findElement(AppiumDriver.java:1)
	at io.appium.java_client.android.AndroidDriver.findElement(AndroidDriver.java:1)
	at org.openqa.selenium.remote.RemoteWebDriver.findElementById(RemoteWebDriver.java:372)
	at io.appium.java_client.DefaultGenericMobileDriver.findElementById(DefaultGenericMobileDriver.java:70)
	at io.appium.java_client.AppiumDriver.findElementById(AppiumDriver.java:1)
	at io.appium.java_client.android.AndroidDriver.findElementById(AndroidDriver.java:1)
	at com.appium.utils.GetByLocation.getElementObj(GetByLocation.java:110)
	at com.appium.utils.GetByLocation.getElementObj(GetByLocation.java:65)
	at com.appium.testcase.DemoCase.goRepay(DemoCase.java:499)
	at com.appium.testng.RyhApp.test004_goRepay(RyhApp.java:88)
	at com.intellij.rt.testng.IDEARemoteTestNG.run(IDEARemoteTestNG.java:66)
	at com.intellij.rt.testng.RemoteTestNGStarter.main(RemoteTestNGStarter.java:110)
... Removed 26 stack frames</pre></div><a href='#' onClick='toggleBox("stack-trace1961129028", this, "Click to show all stack frames", "Click to hide stack frames")'>Click to show all stack frames</a>
<div class='stack-trace' id='stack-trace1961129028'><pre>org.openqa.selenium.NoSuchElementException: no such element: Unable to locate element: {&quot;method&quot;:&quot;id&quot;,&quot;selector&quot;:&quot;com.renmai.easymoney:id/mBtNext&quot;}
  (Session info: chrome=52.0.2743.100)
  (Driver info: chromedriver=2.24.417412 (ac882d3ce7c0d99292439bf3405780058fcca0a6),platform=Mac OS X 10.15.6 x86_64)
For documentation on this error, please visit: https://www.seleniumhq.org/exceptions/no_such_element.html
Build info: version: &apos;3.141.59&apos;, revision: &apos;e82be7d358&apos;, time: &apos;2018-11-14T08:17:03&apos;
System info: host: &apos;FinupdeMacBook-Pro.local&apos;, ip: &apos;fe80:0:0:0:432:da3f:52fa:37%en0&apos;, os.name: &apos;Mac OS X&apos;, os.arch: &apos;x86_64&apos;, os.version: &apos;10.15.6&apos;, java.version: &apos;1.8.0_221&apos;
Driver info: io.appium.java_client.android.AndroidDriver
Capabilities {appActivity: com.renmai.easymoney.MainAc..., appPackage: com.renmai.easymoney, autoGrantPermissions: true, automationName: UIAutomator2, chromedriverChromeMappingFile: /usr/local/lib/node_modules..., chromedriverExecutableDir: /usr/local/lib/node_modules..., databaseEnabled: false, desired: {appActivity: com.renmai.easymoney.MainAc..., appPackage: com.renmai.easymoney, autoGrantPermissions: true, automationName: UIAutomator2, chromedriverChromeMappingFile: /usr/local/lib/node_modules..., chromedriverExecutableDir: /usr/local/lib/node_modules..., deviceName: 任意安卓设备, nativeWebScreenshot: true, newCommandTimeout: 600, noReset: false, noSign: true, platformName: android, recreateChromeDriverSessions: true, resetKeyboard: true, udid: emulator-5554, unicodeKeyboard: true}, deviceApiLevel: 23, deviceManufacturer: HUAWEI, deviceModel: Mate 10 Pro, deviceName: emulator-5554, deviceScreenDensity: 416, deviceScreenSize: 1170x1872, deviceUDID: emulator-5554, javascriptEnabled: true, locationContextEnabled: false, nativeWebScreenshot: true, networkConnectionEnabled: true, newCommandTimeout: 600, noReset: false, noSign: true, pixelRatio: 2.6000001, platform: LINUX, platformName: Android, platformVersion: 6.0.1, recreateChromeDriverSessions: true, resetKeyboard: true, statBarHeight: 62, takesScreenshot: true, udid: emulator-5554, unicodeKeyboard: true, viewportRect: {height: 1810, left: 0, top: 62, width: 1170}, warnings: {}, webStorageEnabled: false}
Session ID: 2d0b3220-0032-40e1-b9ce-975c3720217b
*** Element info: {Using=id, value=com.renmai.easymoney:id/mBtNext}
	at sun.reflect.NativeConstructorAccessorImpl.newInstance0(Native Method)
	at sun.reflect.NativeConstructorAccessorImpl.newInstance(NativeConstructorAccessorImpl.java:62)
	at sun.reflect.DelegatingConstructorAccessorImpl.newInstance(DelegatingConstructorAccessorImpl.java:45)
	at java.lang.reflect.Constructor.newInstance(Constructor.java:423)
	at org.openqa.selenium.remote.http.W3CHttpResponseCodec.createException(W3CHttpResponseCodec.java:187)
	at org.openqa.selenium.remote.http.W3CHttpResponseCodec.decode(W3CHttpResponseCodec.java:122)
	at org.openqa.selenium.remote.http.W3CHttpResponseCodec.decode(W3CHttpResponseCodec.java:49)
	at org.openqa.selenium.remote.HttpCommandExecutor.execute(HttpCommandExecutor.java:158)
	at io.appium.java_client.remote.AppiumCommandExecutor.execute(AppiumCommandExecutor.java:239)
	at org.openqa.selenium.remote.RemoteWebDriver.execute(RemoteWebDriver.java:552)
	at io.appium.java_client.DefaultGenericMobileDriver.execute(DefaultGenericMobileDriver.java:42)
	at io.appium.java_client.AppiumDriver.execute(AppiumDriver.java:1)
	at io.appium.java_client.android.AndroidDriver.execute(AndroidDriver.java:1)
	at org.openqa.selenium.remote.RemoteWebDriver.findElement(RemoteWebDriver.java:323)
	at io.appium.java_client.DefaultGenericMobileDriver.findElement(DefaultGenericMobileDriver.java:62)
	at io.appium.java_client.AppiumDriver.findElement(AppiumDriver.java:1)
	at io.appium.java_client.android.AndroidDriver.findElement(AndroidDriver.java:1)
	at org.openqa.selenium.remote.RemoteWebDriver.findElementById(RemoteWebDriver.java:372)
	at io.appium.java_client.DefaultGenericMobileDriver.findElementById(DefaultGenericMobileDriver.java:70)
	at io.appium.java_client.AppiumDriver.findElementById(AppiumDriver.java:1)
	at io.appium.java_client.android.AndroidDriver.findElementById(AndroidDriver.java:1)
	at com.appium.utils.GetByLocation.getElementObj(GetByLocation.java:110)
	at com.appium.utils.GetByLocation.getElementObj(GetByLocation.java:65)
	at com.appium.testcase.DemoCase.goRepay(DemoCase.java:499)
	at com.appium.testng.RyhApp.test004_goRepay(RyhApp.java:88)
	at sun.reflect.NativeMethodAccessorImpl.invoke0(Native Method)
	at sun.reflect.NativeMethodAccessorImpl.invoke(NativeMethodAccessorImpl.java:62)
	at sun.reflect.DelegatingMethodAccessorImpl.invoke(DelegatingMethodAccessorImpl.java:43)
	at java.lang.reflect.Method.invoke(Method.java:498)
	at org.testng.internal.MethodInvocationHelper.invokeMethod(MethodInvocationHelper.java:124)
	at org.testng.internal.Invoker.invokeMethod(Invoker.java:583)
	at org.testng.internal.Invoker.invokeTestMethod(Invoker.java:719)
	at org.testng.internal.Invoker.invokeTestMethods(Invoker.java:989)
	at org.testng.internal.TestMethodWorker.invokeTestMethods(TestMethodWorker.java:125)
	at org.testng.internal.TestMethodWorker.run(TestMethodWorker.java:109)
	at org.testng.TestRunner.privateRun(TestRunner.java:648)
	at org.testng.TestRunner.run(TestRunner.java:505)
	at org.testng.SuiteRunner.runTest(SuiteRunner.java:455)
	at org.testng.SuiteRunner.runSequentially(SuiteRunner.java:450)
	at org.testng.SuiteRunner.privateRun(SuiteRunner.java:415)
	at org.testng.SuiteRunner.run(SuiteRunner.java:364)
	at org.testng.SuiteRunnerWorker.runSuite(SuiteRunnerWorker.java:52)
	at org.testng.SuiteRunnerWorker.run(SuiteRunnerWorker.java:84)
	at org.testng.TestNG.runSuitesSequentially(TestNG.java:1208)
	at org.testng.TestNG.runSuitesLocally(TestNG.java:1137)
	at org.testng.TestNG.runSuites(TestNG.java:1049)
	at org.testng.TestNG.run(TestNG.java:1017)
	at com.intellij.rt.testng.IDEARemoteTestNG.run(IDEARemoteTestNG.java:66)
	at com.intellij.rt.testng.RemoteTestNGStarter.main(RemoteTestNGStarter.java:110)
</pre></div></td>
<td>0</td>
<td>com.appium.testng.RyhApp@3cda1055</td></tr>
</table><p>
<table width='100%' border='1' class='invocation-passed'>
<tr><td colspan='4' align='center'><b>PASSED TESTS</b></td></tr>
<tr><td><b>Test method</b></td>
<td width="30%"><b>Exception</b></td>
<td width="10%"><b>Time (seconds)</b></td>
<td><b>Instance</b></td>
</tr>
<tr>
<td title='com.appium.testng.RyhApp.test001_login()'><b>test001_login</b><br>Test class: com.appium.testng.RyhApp</td>
<td></td>
<td>18</td>
<td>com.appium.testng.RyhApp@3cda1055</td></tr>
<tr>
<td title='com.appium.testng.RyhApp.test002_idoAuthAndRisk()'><b>test002_idoAuthAndRisk</b><br>Test class: com.appium.testng.RyhApp</td>
<td></td>
<td>69</td>
<td>com.appium.testng.RyhApp@3cda1055</td></tr>
</table><p>
</body>
</html>